<?xml version="1.0" encoding="UTF-8"?>
<testng-results skipped="0" failed="0" total="1" passed="1">
  <reporter-output>
  </reporter-output>
  <suite name="Default suite" duration-ms="18901" started-at="2016-08-10T07:28:06Z" finished-at="2016-08-10T07:28:25Z">
    <groups>
    </groups>
    <test name="Default test" duration-ms="18901" started-at="2016-08-10T07:28:06Z" finished-at="2016-08-10T07:28:25Z">
      <class name="com.csc.automationtest.LoginTestNG">
        <test-method status="PASS" signature="setUp()[pri:0, instance:com.csc.automationtest.LoginTestNG@3224f60b]" name="setUp" is-config="true" duration-ms="12690" started-at="2016-08-10T14:28:06Z" finished-at="2016-08-10T14:28:19Z">
          <reporter-output>
          </reporter-output>
        </test-method> <!-- setUp -->
        <test-method status="PASS" signature="test1()[pri:0, instance:com.csc.automationtest.LoginTestNG@3224f60b]" name="test1" duration-ms="4810" started-at="2016-08-10T14:28:19Z" finished-at="2016-08-10T14:28:24Z">
          <reporter-output>
          </reporter-output>
        </test-method> <!-- test1 -->
        <test-method status="PASS" signature="tearDown()[pri:0, instance:com.csc.automationtest.LoginTestNG@3224f60b]" name="tearDown" is-config="true" duration-ms="1386" started-at="2016-08-10T14:28:24Z" finished-at="2016-08-10T14:28:25Z">
          <reporter-output>
          </reporter-output>
        </test-method> <!-- tearDown -->
      </class> <!-- com.csc.automationtest.LoginTestNG -->
    </test> <!-- Default test -->
  </suite> <!-- Default suite -->
</testng-results>
