<?xml version="1.0" encoding="UTF-8"?>
<testng-results skipped="0" failed="0" total="2" passed="2">
  <reporter-output>
  </reporter-output>
  <suite name="Default suite" duration-ms="14496" started-at="2016-08-11T07:19:17Z" finished-at="2016-08-11T07:19:32Z">
    <groups>
    </groups>
    <test name="Default test" duration-ms="14496" started-at="2016-08-11T07:19:17Z" finished-at="2016-08-11T07:19:32Z">
      <class name="com.csc.automationtest.LoginTestNG">
        <test-method status="PASS" signature="setUp()[pri:0, instance:com.csc.automationtest.LoginTestNG@d44fc21]" name="setUp" is-config="true" duration-ms="8771" started-at="2016-08-11T14:19:17Z" finished-at="2016-08-11T14:19:26Z">
          <reporter-output>
          </reporter-output>
        </test-method> <!-- setUp -->
        <test-method status="PASS" signature="testLogin()[pri:1, instance:com.csc.automationtest.LoginTestNG@d44fc21]" name="testLogin" duration-ms="4719" started-at="2016-08-11T14:19:26Z" finished-at="2016-08-11T14:19:31Z">
          <reporter-output>
          </reporter-output>
        </test-method> <!-- testLogin -->
        <test-method status="PASS" signature="testHome()[pri:2, instance:com.csc.automationtest.LoginTestNG@d44fc21]" name="testHome" duration-ms="10" started-at="2016-08-11T14:19:31Z" depends-on-methods="com.csc.automationtest.LoginTestNG.testLogin" finished-at="2016-08-11T14:19:31Z">
          <reporter-output>
          </reporter-output>
        </test-method> <!-- testHome -->
        <test-method status="PASS" signature="tearDown()[pri:0, instance:com.csc.automationtest.LoginTestNG@d44fc21]" name="tearDown" is-config="true" duration-ms="978" started-at="2016-08-11T14:19:31Z" finished-at="2016-08-11T14:19:32Z">
          <reporter-output>
          </reporter-output>
        </test-method> <!-- tearDown -->
      </class> <!-- com.csc.automationtest.LoginTestNG -->
    </test> <!-- Default test -->
  </suite> <!-- Default suite -->
</testng-results>
