<?xml version="1.0" encoding="UTF-8"?>
<testng-results skipped="0" failed="0" total="1" passed="1">
  <reporter-output>
  </reporter-output>
  <suite name="Default suite" duration-ms="20597" started-at="2016-08-05T04:22:56Z" finished-at="2016-08-05T04:23:17Z">
    <groups>
    </groups>
    <test name="Default test" duration-ms="20597" started-at="2016-08-05T04:22:56Z" finished-at="2016-08-05T04:23:17Z">
      <class name="testJunit.LoginTest">
        <test-method status="PASS" signature="beforeMethod()[pri:0, instance:testJunit.LoginTest@185d8b6]" name="beforeMethod" is-config="true" duration-ms="17124" started-at="2016-08-05T11:22:56Z" finished-at="2016-08-05T11:23:13Z">
          <reporter-output>
          </reporter-output>
        </test-method> <!-- beforeMethod -->
        <test-method status="PASS" signature="testInvalidLogin()[pri:0, instance:testJunit.LoginTest@185d8b6]" name="testInvalidLogin" duration-ms="2568" started-at="2016-08-05T11:23:13Z" finished-at="2016-08-05T11:23:16Z">
          <reporter-output>
          </reporter-output>
        </test-method> <!-- testInvalidLogin -->
        <test-method status="PASS" signature="afterMethod()[pri:0, instance:testJunit.LoginTest@185d8b6]" name="afterMethod" is-config="true" duration-ms="870" started-at="2016-08-05T11:23:16Z" finished-at="2016-08-05T11:23:17Z">
          <reporter-output>
          </reporter-output>
        </test-method> <!-- afterMethod -->
      </class> <!-- testJunit.LoginTest -->
    </test> <!-- Default test -->
  </suite> <!-- Default suite -->
</testng-results>
