<?xml version="1.0" encoding="UTF-8"?>
<testng-results skipped="0" failed="0" total="1" passed="1">
  <reporter-output>
  </reporter-output>
  <suite name="Suite" duration-ms="26" started-at="2016-08-08T10:27:39Z" finished-at="2016-08-08T10:27:39Z">
    <groups>
    </groups>
    <test name="Test" duration-ms="26" started-at="2016-08-08T10:27:39Z" finished-at="2016-08-08T10:27:39Z">
      <class name="com.csc.automationtest.LoginTestNG">
        <test-method status="PASS" signature="test()[pri:0, instance:com.csc.automationtest.LoginTestNG@6e0e048a]" name="test" duration-ms="11" started-at="2016-08-08T17:27:39Z" finished-at="2016-08-08T17:27:39Z">
          <reporter-output>
          </reporter-output>
        </test-method> <!-- test -->
      </class> <!-- com.csc.automationtest.LoginTestNG -->
    </test> <!-- Test -->
  </suite> <!-- Suite -->
</testng-results>
