<?xml version="1.0" encoding="UTF-8"?>
<testng-results skipped="0" failed="0" total="1" passed="1">
  <reporter-output>
  </reporter-output>
  <suite name="Default suite" duration-ms="13537" started-at="2016-08-09T10:54:15Z" finished-at="2016-08-09T10:54:28Z">
    <groups>
    </groups>
    <test name="Default test" duration-ms="13537" started-at="2016-08-09T10:54:15Z" finished-at="2016-08-09T10:54:28Z">
      <class name="com.csc.automationtest.LoginTestNG">
        <test-method status="PASS" signature="setUp()[pri:0, instance:com.csc.automationtest.LoginTestNG@3d99d22e]" name="setUp" is-config="true" duration-ms="11260" started-at="2016-08-09T17:54:15Z" finished-at="2016-08-09T17:54:26Z">
          <reporter-output>
          </reporter-output>
        </test-method> <!-- setUp -->
        <test-method status="PASS" signature="test()[pri:0, instance:com.csc.automationtest.LoginTestNG@3d99d22e]" name="test" duration-ms="2248" started-at="2016-08-09T17:54:26Z" finished-at="2016-08-09T17:54:28Z">
          <reporter-output>
          </reporter-output>
        </test-method> <!-- test -->
        <test-method status="PASS" signature="tearDown()[pri:0, instance:com.csc.automationtest.LoginTestNG@3d99d22e]" name="tearDown" is-config="true" duration-ms="15" started-at="2016-08-09T17:54:28Z" finished-at="2016-08-09T17:54:28Z">
          <reporter-output>
          </reporter-output>
        </test-method> <!-- tearDown -->
      </class> <!-- com.csc.automationtest.LoginTestNG -->
    </test> <!-- Default test -->
  </suite> <!-- Default suite -->
</testng-results>
